Copyright 1986-2019 Xilinx, Inc. All Rights Reserved.
-------------------------------------------------------------------------------------------------------------------------------------------------------
| Tool Version     : Vivado v.2019.2 (lin64) Build 2708876 Wed Nov  6 21:39:14 MST 2019
| Date             : Wed Nov 16 00:59:38 2022
| Host             : msi running 64-bit EndeavourOS Linux
| Command          : report_power -file rvfpganexys_power_routed.rpt -pb rvfpganexys_power_summary_routed.pb -rpx rvfpganexys_power_routed.rpx
| Design           : rvfpganexys
| Device           : xc7a100tcsg324-1
| Design State     : routed
| Grade            : commercial
| Process          : typical
| Characterization : Production
-------------------------------------------------------------------------------------------------------------------------------------------------------

Power Report

Table of Contents
-----------------
1. Summary
1.1 On-Chip Components
1.2 Power Supply Summary
1.3 Confidence Level
2. Settings
2.1 Environment
2.2 Clock Constraints
3. Detailed Reports
3.1 By Hierarchy

1. Summary
----------

+--------------------------+--------------+
| Total On-Chip Power (W)  | 1.063        |
| Design Power Budget (W)  | Unspecified* |
| Power Budget Margin (W)  | NA           |
| Dynamic (W)              | 0.949        |
| Device Static (W)        | 0.114        |
| Effective TJA (C/W)      | 4.6          |
| Max Ambient (C)          | 80.1         |
| Junction Temperature (C) | 29.9         |
| Confidence Level         | Low          |
| Setting File             | ---          |
| Simulation Activity File | ---          |
| Design Nets Matched      | NA           |
+--------------------------+--------------+
* Specify Design Power Budget using, set_operating_conditions -design_power_budget <value in Watts>


1.1 On-Chip Components
----------------------

+--------------------------+-----------+----------+-----------+-----------------+
| On-Chip                  | Power (W) | Used     | Available | Utilization (%) |
+--------------------------+-----------+----------+-----------+-----------------+
| Clocks                   |     0.046 |       16 |       --- |             --- |
| Slice Logic              |     0.017 |    62790 |       --- |             --- |
|   LUT as Logic           |     0.016 |    34413 |     63400 |           54.28 |
|   LUT as Distributed RAM |    <0.001 |      292 |     19000 |            1.54 |
|   CARRY4                 |    <0.001 |      856 |     15850 |            5.40 |
|   Register               |    <0.001 |    19569 |    126800 |           15.43 |
|   F7/F8 Muxes            |    <0.001 |      598 |     63400 |            0.94 |
|   LUT as Shift Register  |    <0.001 |        3 |     19000 |            0.02 |
|   Others                 |     0.000 |     1576 |       --- |             --- |
| Signals                  |     0.027 |    51361 |       --- |             --- |
| Block RAM                |     0.068 |      119 |       135 |           88.15 |
| MMCM                     |     0.120 |        1 |         6 |           16.67 |
| PLL                      |     0.278 |        2 |         6 |           33.33 |
| DSPs                     |    <0.001 |        4 |       240 |            1.67 |
| I/O                      |     0.392 |      124 |       210 |           59.05 |
| Static Power             |     0.114 |          |           |                 |
| Total                    |     1.063 |          |           |                 |
+--------------------------+-----------+----------+-----------+-----------------+


1.2 Power Supply Summary
------------------------

+-----------+-------------+-----------+-------------+------------+
| Source    | Voltage (V) | Total (A) | Dynamic (A) | Static (A) |
+-----------+-------------+-----------+-------------+------------+
| Vccint    |       1.000 |     0.205 |       0.184 |      0.021 |
| Vccaux    |       1.800 |     0.263 |       0.245 |      0.018 |
| Vcco33    |       3.300 |     0.006 |       0.002 |      0.004 |
| Vcco25    |       2.500 |     0.000 |       0.000 |      0.000 |
| Vcco18    |       1.800 |     0.178 |       0.174 |      0.004 |
| Vcco15    |       1.500 |     0.000 |       0.000 |      0.000 |
| Vcco135   |       1.350 |     0.000 |       0.000 |      0.000 |
| Vcco12    |       1.200 |     0.000 |       0.000 |      0.000 |
| Vccaux_io |       1.800 |     0.000 |       0.000 |      0.000 |
| Vccbram   |       1.000 |     0.008 |       0.005 |      0.003 |
| MGTAVcc   |       1.000 |     0.000 |       0.000 |      0.000 |
| MGTAVtt   |       1.200 |     0.000 |       0.000 |      0.000 |
| Vccadc    |       1.800 |     0.020 |       0.000 |      0.020 |
+-----------+-------------+-----------+-------------+------------+


1.3 Confidence Level
--------------------

+-----------------------------+------------+--------------------------------------------------------+------------------------------------------------------------------------------------------------------------+
| User Input Data             | Confidence | Details                                                | Action                                                                                                     |
+-----------------------------+------------+--------------------------------------------------------+------------------------------------------------------------------------------------------------------------+
| Design implementation state | High       | Design is routed                                       |                                                                                                            |
| Clock nodes activity        | High       | User specified more than 95% of clocks                 |                                                                                                            |
| I/O nodes activity          | Low        | More than 75% of inputs are missing user specification | Provide missing input activity with simulation results or by editing the "By Resource Type -> I/Os" view   |
| Internal nodes activity     | Medium     | User specified less than 25% of internal nodes         | Provide missing internal nodes activity with simulation results or by editing the "By Resource Type" views |
| Device models               | High       | Device models are Production                           |                                                                                                            |
|                             |            |                                                        |                                                                                                            |
| Overall confidence level    | Low        |                                                        |                                                                                                            |
+-----------------------------+------------+--------------------------------------------------------+------------------------------------------------------------------------------------------------------------+


2. Settings
-----------

2.1 Environment
---------------

+-----------------------+--------------------------+
| Ambient Temp (C)      | 25.0                     |
| ThetaJA (C/W)         | 4.6                      |
| Airflow (LFM)         | 250                      |
| Heat Sink             | medium (Medium Profile)  |
| ThetaSA (C/W)         | 4.6                      |
| Board Selection       | medium (10"x10")         |
| # of Board Layers     | 12to15 (12 to 15 Layers) |
| Board Temperature (C) | 25.0                     |
+-----------------------+--------------------------+


2.2 Clock Constraints
---------------------

+---------------------+---------------------------------------+-----------------+
| Clock               | Domain                                | Constraint (ns) |
+---------------------+---------------------------------------+-----------------+
| clk_31_5_clk_wiz_0  | instance_name/inst/clk_31_5_clk_wiz_0 |            31.7 |
| clk_core            | clk_gen/clk_core                      |            20.0 |
| clkfb               | clk_gen/clkfb                         |            10.0 |
| clkfbout_clk_wiz_0  | instance_name/inst/clkfbout_clk_wiz_0 |            40.0 |
| clkout0             | ddr2/ldc/clkout0                      |             5.0 |
| clkout1             | ddr2/ldc/clkout1                      |            10.0 |
| clkout2             | ddr2/ldc/clkout2                      |             5.0 |
| clkout3             | ddr2/ldc/clkout3                      |             5.0 |
| subfragments_pll_fb | ddr2/ldc/subfragments_pll_fb          |            10.0 |
| sys_clk_pin         | clk                                   |            10.0 |
| sys_clk_pin         | clk_IBUF                              |            10.0 |
| tck_dmi             | tap/dmi_reg[0]_0                      |           100.0 |
| tck_dtmcs           | tap/dtmcs_reg[0]_0                    |           100.0 |
| tck_idcode          | tap/idcode_tck                        |           100.0 |
+---------------------+---------------------------------------+-----------------+


3. Detailed Reports
-------------------

3.1 By Hierarchy
----------------

+-------------------------+-----------+
| Name                    | Power (W) |
+-------------------------+-----------+
| rvfpganexys             |     0.949 |
|   cdc                   |     0.007 |
|     i_axi_cdc           |     0.007 |
|       i_cdc_fifo_gray_r |     0.005 |
|       i_cdc_fifo_gray_w |     0.001 |
|   clk_gen               |     0.146 |
|   ddr2                  |     0.398 |
|     ldc                 |     0.398 |
|       IOBUF             |     0.008 |
|       IOBUFDS           |     0.007 |
|       IOBUFDS_1         |     0.007 |
|       IOBUF_1           |     0.008 |
|       IOBUF_10          |     0.008 |
|       IOBUF_11          |     0.009 |
|       IOBUF_12          |     0.007 |
|       IOBUF_13          |     0.007 |
|       IOBUF_14          |     0.007 |
|       IOBUF_15          |     0.008 |
|       IOBUF_2           |     0.008 |
|       IOBUF_3           |     0.009 |
|       IOBUF_4           |     0.007 |
|       IOBUF_5           |     0.007 |
|       IOBUF_6           |     0.007 |
|       IOBUF_7           |     0.008 |
|       IOBUF_8           |     0.008 |
|       IOBUF_9           |     0.008 |
|       OBUFDS            |     0.008 |
|       serv_rf_top       |     0.004 |
|   instance_name         |     0.120 |
|     inst                |     0.120 |
|   swervolf              |     0.095 |
|     axi2wb              |     0.002 |
|     axi_intercon        |     0.003 |
|       axi_xbar          |     0.003 |
|     bootrom             |     0.002 |
|       ram               |     0.002 |
|     swerv_eh1           |     0.079 |
|       mem               |     0.045 |
|       swerv             |     0.034 |
|     syscon              |     0.001 |
|     timer_ptc           |     0.001 |
|     vga                 |     0.003 |
|       vga_img_mem_1     |     0.003 |
+-------------------------+-----------+


